<?xml version="1.0" encoding="UTF-8"?>
<!-- Generated by org.testng.reporters.JUnitXMLReporter -->
<testsuite ignored="14" hostname="LAPTOP-7TSBCCPS" failures="1" tests="10" name="Test" time="177.151" errors="0" timestamp="2022-03-03T11:58:08 IST">
  <testcase classname="com.mystore.testcases.LoginPageTest" name="loginTest" time="0.0">
    <skipped/>
  </testcase> <!-- loginTest -->
  <testcase classname="com.mystore.testcases.EndToEndTest" name="OrderPage" time="33.196"/>
  <testcase classname="com.mystore.testcases.AccountCreatePageTest" name="verifyCreateAccountPageTest" time="12.587"/>
  <testcase classname="com.mystore.testcases.IndexPageTest" name="signIn" time="3.079"/>
  <testcase classname="com.mystore.testcases.IndexPageTest" name="verifyLogo" time="0.047"/>
  <testcase classname="com.mystore.testcases.IndexPageTest" name="verifyTitle" time="0.01"/>
  <testcase classname="com.mystore.testcases.SearchResultPageTest" name="productAvailabilityTest" time="2.256"/>
  <testcase classname="com.mystore.testcases.HomePageTest" name="wishListTest" time="5.312"/>
  <testcase classname="com.mystore.testcases.OrderPageTest" name="OrderPage" time="31.171">
    <failure type="java.lang.AssertionError" message="expected [18.51] but found [16.51]">
      <![CDATA[java.lang.AssertionError: expected [18.51] but found [16.51]
at com.mystore.testcases.OrderPageTest.OrderPage(OrderPageTest.java:59)
at java.base/java.util.ArrayList.forEach(ArrayList.java:1511)
... Removed 32 stack frames]]>
    </failure>
  </testcase> <!-- OrderPage -->
  <testcase classname="com.mystore.testcases.AddToCartPageTest" name="addToCartTest" time="26.853"/>
  <testcase classname="com.mystore.basepage.TestBase" name="@BeforeTest loadConfig" time="0.0">
    <ignored/>
  </testcase> <!-- @BeforeTest loadConfig -->
  <testcase classname="com.mystore.basepage.TestBase" name="@BeforeTest loadConfig" time="0.0">
    <ignored/>
  </testcase> <!-- @BeforeTest loadConfig -->
  <testcase classname="com.mystore.basepage.TestBase" name="@BeforeTest loadConfig" time="0.0">
    <ignored/>
  </testcase> <!-- @BeforeTest loadConfig -->
  <testcase classname="com.mystore.basepage.TestBase" name="@BeforeTest loadConfig" time="0.0">
    <ignored/>
  </testcase> <!-- @BeforeTest loadConfig -->
  <testcase classname="com.mystore.basepage.TestBase" name="@BeforeTest loadConfig" time="0.0">
    <ignored/>
  </testcase> <!-- @BeforeTest loadConfig -->
  <testcase classname="com.mystore.basepage.TestBase" name="@BeforeTest loadConfig" time="0.0">
    <ignored/>
  </testcase> <!-- @BeforeTest loadConfig -->
  <testcase classname="com.mystore.basepage.TestBase" name="@BeforeTest loadConfig" time="0.0">
    <ignored/>
  </testcase> <!-- @BeforeTest loadConfig -->
  <testcase classname="com.mystore.basepage.TestBase" name="@BeforeSuite beforeSuite" time="0.0">
    <ignored/>
  </testcase> <!-- @BeforeSuite beforeSuite -->
  <testcase classname="com.mystore.basepage.TestBase" name="@BeforeSuite beforeSuite" time="0.0">
    <ignored/>
  </testcase> <!-- @BeforeSuite beforeSuite -->
  <testcase classname="com.mystore.basepage.TestBase" name="@BeforeSuite beforeSuite" time="0.0">
    <ignored/>
  </testcase> <!-- @BeforeSuite beforeSuite -->
  <testcase classname="com.mystore.basepage.TestBase" name="@BeforeSuite beforeSuite" time="0.0">
    <ignored/>
  </testcase> <!-- @BeforeSuite beforeSuite -->
  <testcase classname="com.mystore.basepage.TestBase" name="@BeforeSuite beforeSuite" time="0.0">
    <ignored/>
  </testcase> <!-- @BeforeSuite beforeSuite -->
  <testcase classname="com.mystore.basepage.TestBase" name="@BeforeSuite beforeSuite" time="0.0">
    <ignored/>
  </testcase> <!-- @BeforeSuite beforeSuite -->
  <testcase classname="com.mystore.basepage.TestBase" name="@BeforeSuite beforeSuite" time="0.0">
    <ignored/>
  </testcase> <!-- @BeforeSuite beforeSuite -->
</testsuite> <!-- Test -->
